<?xml version="1.0" encoding="UTF-8"?>
<!-- Generated by org.testng.reporters.JUnitXMLReporter -->
<testsuite ignored="0" hostname="BA-000412095.local" failures="0" tests="4" name="End To End Android Framework Test" time="35.863" errors="0" timestamp="2024-12-17T16:56:34 IST">
  <testcase classname="TestClass.android.LoginTest" name="signInAuthTest" time="2.133"/>
  <testcase classname="TestClass.android.LoginTest" name="loginPage" time="5.014"/>
  <testcase classname="TestClass.android.LoginTest" name="homePageVerification" time="8.268"/>
  <testcase classname="TestClass.android.LoginTest" name="loginPageNameChangeDirectly" time="1.714"/>
</testsuite> <!-- End To End Android Framework Test -->
