-------------------------------------------------------------------------------
Test set: TestSuite
-------------------------------------------------------------------------------
Tests run: 8, Failures: 1, Errors: 0, Skipped: 3, Time elapsed: 68.37 s <<< FAILURE! -- in TestSuite
TestClass.IOS.DemoTestIOS.configureAppium -- Time elapsed: 21.49 s <<< FAILURE!
io.appium.java_client.service.local.AppiumServerHasNotBeenStartedLocallyException: 
Appium HTTP server is not listening at http://127.0.0.1:4723/ after 20000 ms timeout. Consider increasing the server startup timeout value and check the server log for possible error messages occurrences.
Node.js executable path: /usr/local/bin/node
Arguments: [/usr/local/lib/node_modules/appium/build/lib/main.js, --port, 4723, --address, 127.0.0.1]
Server log: [38;5;112m[Appium][0m Welcome to Appium v2.13.1
[38;5;112m[Appium][0m Non-default server args:
[38;5;112m[Appium][0m { address: [32m'127.0.0.1'[39m }
[38;5;112m[Appium][0m The autodetected Appium home path: /Users/akashray/.appium
[38;5;112m[Appium][0m Attempting to load driver uiautomator2...
[38;5;112m[Appium][0m Attempting to load driver xcuitest...
[38;5;112m[Appium][0m Attempting to load driver gecko...
[38;5;112m[Appium][0m Requiring driver at /Users/akashray/.appium/node_modules/appium-uiautomator2-driver/build/index.js
[38;5;112m[Appium][0m Requiring driver at /Users/akashray/.appium/node_modules/appium-xcuitest-driver/build/index.js
[38;5;112m[Appium][0m Requiring driver at /Users/akashray/.appium/node_modules/appium-geckodriver/build/index.js
[38;5;112m[Appium][0m AndroidUiautomator2Driver has been successfully loaded in 0.811s
[38;5;112m[Appium][0m XCUITestDriver has been successfully loaded in 1.600s
[38;5;112m[Appium][0m GeckoDriver has been successfully loaded in 1.680s
[38;5;86m[HTTP][0m Could not start REST http interface listener. The requested port may already be in use. Please make sure there is no other instance of this server running already.
[38;5;112m[Appium][0m Could not configure Appium server. It's possible that a driver or plugin tried to update the server and failed. Original error: listen EADDRINUSE: address already in use 127.0.0.1:4723
[38;5;112m[Appium][0m Error: listen EADDRINUSE: address already in use 127.0.0.1:4723
    at Server.setupListenHandle [as _listen2] (node:net:1912:16)
    at listenInCluster (node:net:1969:12)
    at node:net:2178:7
    at processTicksAndRejections (node:internal/process/task_queues:90:21)
    at runNextTicks (node:internal/process/task_queues:69:3)
    at processImmediate (node:internal/timers:459:9)

	at io.appium.java_client.service.local.AppiumDriverLocalService.start(AppiumDriverLocalService.java:192)
	at Utils.AppiumUtils.startAppiumServer(AppiumUtils.java:31)
	at TestUtils.IOSBaseTest.configureAppium(IOSBaseTest.java:32)
	at java.base/jdk.internal.reflect.NativeMethodAccessorImpl.invoke0(Native Method)
	at java.base/jdk.internal.reflect.NativeMethodAccessorImpl.invoke(NativeMethodAccessorImpl.java:77)
	at java.base/jdk.internal.reflect.DelegatingMethodAccessorImpl.invoke(DelegatingMethodAccessorImpl.java:43)
	at java.base/java.lang.reflect.Method.invoke(Method.java:568)
	at org.testng.internal.invokers.MethodInvocationHelper.invokeMethod(MethodInvocationHelper.java:141)
	at org.testng.internal.invokers.MethodInvocationHelper.invokeMethodConsideringTimeout(MethodInvocationHelper.java:71)
	at org.testng.internal.invokers.ConfigInvoker.invokeConfigurationMethod(ConfigInvoker.java:400)
	at org.testng.internal.invokers.ConfigInvoker.invokeConfigurations(ConfigInvoker.java:333)
	at org.testng.internal.invokers.TestMethodWorker.invokeBeforeClassMethods(TestMethodWorker.java:188)
	at org.testng.internal.invokers.TestMethodWorker.run(TestMethodWorker.java:128)
	at java.base/java.util.ArrayList.forEach(ArrayList.java:1511)
	at org.testng.TestRunner.privateRun(TestRunner.java:739)
	at org.testng.TestRunner.run(TestRunner.java:614)
	at org.testng.SuiteRunner.runTest(SuiteRunner.java:421)
	at org.testng.SuiteRunner.runSequentially(SuiteRunner.java:413)
	at org.testng.SuiteRunner.privateRun(SuiteRunner.java:373)
	at org.testng.SuiteRunner.run(SuiteRunner.java:312)
	at org.testng.SuiteRunnerWorker.runSuite(SuiteRunnerWorker.java:52)
	at org.testng.SuiteRunnerWorker.run(SuiteRunnerWorker.java:95)
	at org.testng.TestNG.runSuitesSequentially(TestNG.java:1274)
	at org.testng.TestNG.runSuitesLocally(TestNG.java:1208)
	at org.testng.TestNG.runSuites(TestNG.java:1112)
	at org.testng.TestNG.run(TestNG.java:1079)
	at org.apache.maven.surefire.testng.TestNGExecutor.run(TestNGExecutor.java:308)
	at org.apache.maven.surefire.testng.TestNGXmlTestSuite.execute(TestNGXmlTestSuite.java:71)
	at org.apache.maven.surefire.testng.TestNGProvider.invoke(TestNGProvider.java:113)
	at org.apache.maven.surefire.booter.ForkedBooter.runSuitesInProcess(ForkedBooter.java:385)
	at org.apache.maven.surefire.booter.ForkedBooter.execute(ForkedBooter.java:162)
	at org.apache.maven.surefire.booter.ForkedBooter.run(ForkedBooter.java:507)
	at org.apache.maven.surefire.booter.ForkedBooter.main(ForkedBooter.java:495)
Caused by: io.appium.java_client.service.local.AppiumServerAvailabilityChecker$ConnectionTimeout: ConnectionTimeout
	at io.appium.java_client.service.local.AppiumServerAvailabilityChecker.waitUntilAvailable(AppiumServerAvailabilityChecker.java:72)
	at io.appium.java_client.service.local.AppiumDriverLocalService.ping(AppiumDriverLocalService.java:144)
	at io.appium.java_client.service.local.AppiumDriverLocalService.start(AppiumDriverLocalService.java:185)
	... 32 more
Caused by: java.net.ConnectException: Connection refused
	at java.base/sun.nio.ch.Net.pollConnect(Native Method)
	at java.base/sun.nio.ch.Net.pollConnectNow(Net.java:672)
	at java.base/sun.nio.ch.NioSocketImpl.timedFinishConnect(NioSocketImpl.java:554)
	at java.base/sun.nio.ch.NioSocketImpl.connect(NioSocketImpl.java:602)
	at java.base/java.net.Socket.connect(Socket.java:633)
	at java.base/sun.net.NetworkClient.doConnect(NetworkClient.java:178)
	at java.base/sun.net.www.http.HttpClient.openServer(HttpClient.java:533)
	at java.base/sun.net.www.http.HttpClient.openServer(HttpClient.java:638)
	at java.base/sun.net.www.http.HttpClient.<init>(HttpClient.java:281)
	at java.base/sun.net.www.http.HttpClient.New(HttpClient.java:386)
	at java.base/sun.net.www.http.HttpClient.New(HttpClient.java:408)
	at java.base/sun.net.www.protocol.http.HttpURLConnection.getNewHttpClient(HttpURLConnection.java:1309)
	at java.base/sun.net.www.protocol.http.HttpURLConnection.plainConnect0(HttpURLConnection.java:1242)
	at java.base/sun.net.www.protocol.http.HttpURLConnection.plainConnect(HttpURLConnection.java:1128)
	at java.base/sun.net.www.protocol.http.HttpURLConnection.connect(HttpURLConnection.java:1057)
	at io.appium.java_client.service.local.AppiumServerAvailabilityChecker.connectToUrl(AppiumServerAvailabilityChecker.java:79)
	at io.appium.java_client.service.local.AppiumServerAvailabilityChecker.waitUntilAvailable(AppiumServerAvailabilityChecker.java:61)
	... 34 more

